<?xml version="1.0" encoding="UTF-8"?>
<!-- Generated by org.testng.reporters.JUnitReportReporter -->
<testsuite hostname="Sanjays-MacBook-Pro.local" failures="0" tests="3" name="com.saucedemo.InventoryBackpackTest" time="15.146" errors="0" timestamp="2022-07-21T22:57:29 EDT" skipped="0">
  <testcase classname="com.saucedemo.InventoryBackpackTest" name="ClickOnBackpackItem" time="4.040"/>
  <system-out/>
  <testcase classname="com.saucedemo.InventoryBackpackTest" name="VerifyBackpackItemDescriptionAndPrice" time="6.121"/>
  <system-out/>
  <testcase classname="com.saucedemo.InventoryBackpackTest" name="ClickOnBackpackAddToCart" time="4.985"/>
  <system-out/>
</testsuite> <!-- com.saucedemo.InventoryBackpackTest -->
