<?xml version="1.0" encoding="UTF-8"?>
<!-- Generated by org.testng.reporters.JUnitReportReporter -->
<testsuite hostname="Sanjays-MacBook-Pro.local" failures="0" tests="3" name="com.saucedemo.InventoryBackpackTest" time="16.603" errors="0" timestamp="2022-07-10T00:14:21 EDT" skipped="0">
  <testcase classname="com.saucedemo.InventoryBackpackTest" name="ClickOnBackpackItem" time="4.726"/>
  <system-out/>
  <testcase classname="com.saucedemo.InventoryBackpackTest" name="VerifyBackpackItemDescription" time="4.980"/>
  <system-out/>
  <testcase classname="com.saucedemo.InventoryBackpackTest" name="ClickOnBackpackAddToCart" time="6.897"/>
  <system-out/>
</testsuite> <!-- com.saucedemo.InventoryBackpackTest -->
