<?xml version="1.0" encoding="UTF-8"?>
<!-- Generated by org.testng.reporters.JUnitReportReporter -->
<testsuite hostname="Sanjays-MacBook-Pro.local" failures="0" tests="1" name="com.saucedemo.ProductSortContainerTest" time="6.895" errors="0" timestamp="2022-07-21T22:57:29 EDT" skipped="0">
  <testcase classname="com.saucedemo.ProductSortContainerTest" name="selectFromSortContainer" time="6.895"/>
  <system-out/>
</testsuite> <!-- com.saucedemo.ProductSortContainerTest -->
