<?xml version="1.0" encoding="UTF-8"?>
<!-- Generated by org.testng.reporters.JUnitReportReporter -->
<testsuite hostname="Sanjays-MacBook-Pro.local" failures="0" tests="3" name="com.saucedemo.AddItemToCartTest" time="20.441" errors="0" timestamp="2022-07-21T22:57:29 EDT" skipped="0">
  <testcase classname="com.saucedemo.AddItemToCartTest" name="VerifyCheckoutBtn" time="6.258"/>
  <system-out/>
  <testcase classname="com.saucedemo.AddItemToCartTest" name="VerifyContinueShoppingBtn" time="6.801"/>
  <system-out/>
  <testcase classname="com.saucedemo.AddItemToCartTest" name="VerifyThePresenceComponentsOfCartPage" time="7.382"/>
  <system-out/>
</testsuite> <!-- com.saucedemo.AddItemToCartTest -->
