<?xml version="1.0" encoding="UTF-8"?>
<!-- Generated by org.testng.reporters.JUnitReportReporter -->
<testsuite hostname="Sanjays-MacBook-Pro.local" failures="0" tests="3" name="com.saucedemo.AddItemToCartTest" time="19.555" errors="0" timestamp="2022-07-11T10:05:04 EDT" skipped="0">
  <testcase classname="com.saucedemo.AddItemToCartTest" name="VerifyCheckoutBtn" time="5.682"/>
  <system-out/>
  <testcase classname="com.saucedemo.AddItemToCartTest" name="VerifyContinueShoppingBtn" time="8.148"/>
  <system-out/>
  <testcase classname="com.saucedemo.AddItemToCartTest" name="VerifyThePresenceComponentsOfCartPage" time="5.725"/>
  <system-out/>
</testsuite> <!-- com.saucedemo.AddItemToCartTest -->
