<?xml version="1.0" encoding="UTF-8"?>
<!-- Generated by org.testng.reporters.JUnitReportReporter -->
<testsuite hostname="Sanjays-MacBook-Pro.local" failures="0" tests="5" name="com.saucedemo.LoginTest" time="16.176" errors="0" timestamp="2022-07-08T18:21:58 EDT" skipped="0">
  <testcase classname="com.saucedemo.LoginTest" name="LoginWithInvalidUsername" time="2.658"/>
  <system-out/>
  <testcase classname="com.saucedemo.LoginTest" name="LoginWithValidCredentials" time="3.621"/>
  <system-out/>
  <testcase classname="com.saucedemo.LoginTest" name="checkUserLandsOnTheRightWebsite" time="4.334"/>
  <system-out/>
  <testcase classname="com.saucedemo.LoginTest" name="LoginWithInvalidPassword" time="2.971"/>
  <system-out/>
  <testcase classname="com.saucedemo.LoginTest" name="checkPresenceOfLoginPageComponents" time="2.592"/>
  <system-out/>
</testsuite> <!-- com.saucedemo.LoginTest -->
