<?xml version="1.0" encoding="UTF-8"?>
<!-- Generated by org.testng.reporters.JUnitReportReporter -->
<testsuite hostname="Sanjays-MacBook-Pro.local" failures="0" tests="5" name="com.saucedemo.HomePageTest" time="27.973" errors="0" timestamp="2022-07-08T18:21:58 EDT" skipped="0">
  <testcase classname="com.saucedemo.HomePageTest" name="CheckFooterCopyScriptAndPresence" time="7.040"/>
  <system-out/>
  <testcase classname="com.saucedemo.HomePageTest" name="CheckHomePageComponentPresence" time="5.728"/>
  <system-out/>
  <testcase classname="com.saucedemo.HomePageTest" name="CheckMenuBtnSideBar" time="6.824"/>
  <system-out/>
  <testcase classname="com.saucedemo.HomePageTest" name="clickOnTheMenuBtn" time="2.647"/>
  <system-out/>
  <testcase classname="com.saucedemo.HomePageTest" name="PresenceOfHomePageComponents" time="5.734"/>
  <system-out/>
</testsuite> <!-- com.saucedemo.HomePageTest -->
