<?xml version="1.0" encoding="UTF-8"?>
<!-- Generated by org.testng.reporters.JUnitReportReporter -->
<testsuite hostname="Sanjays-MacBook-Pro.local" failures="0" tests="5" name="com.saucedemo.HomePageTest" time="20.945" errors="0" timestamp="2022-07-21T22:57:29 EDT" skipped="0">
  <testcase classname="com.saucedemo.HomePageTest" name="clickOnTheMenuBtn" time="3.563"/>
  <system-out/>
  <testcase classname="com.saucedemo.HomePageTest" name="CheckMenuBtnSideBar" time="4.528"/>
  <system-out/>
  <testcase classname="com.saucedemo.HomePageTest" name="CheckFooterCopyScriptAndPresence" time="5.152"/>
  <system-out/>
  <testcase classname="com.saucedemo.HomePageTest" name="CheckHomePageComponentPresence" time="5.673"/>
  <system-out/>
  <testcase classname="com.saucedemo.HomePageTest" name="PresenceOfHomePageComponents" time="2.029"/>
  <system-out/>
</testsuite> <!-- com.saucedemo.HomePageTest -->
