<?xml version="1.0" encoding="UTF-8"?>
<!-- Generated by org.testng.reporters.JUnitReportReporter -->
<testsuite hostname="Sanjays-MacBook-Pro.local" failures="0" tests="1" name="com.saucedemo.ProductSortContainerTest" time="7.952" errors="0" timestamp="2022-07-10T14:42:14 EDT" skipped="0">
  <testcase classname="com.saucedemo.ProductSortContainerTest" name="selectFromSortContainer" time="7.952"/>
  <system-out/>
</testsuite> <!-- com.saucedemo.ProductSortContainerTest -->
