<?xml version="1.0" encoding="UTF-8"?>
<!-- Generated by org.testng.reporters.JUnitReportReporter -->
<testsuite hostname="Sanjays-MacBook-Pro.local" failures="0" tests="2" name="com.saucedemo.HomePageTest" time="14.437" errors="1" timestamp="2022-07-01T23:16:33 EDT" skipped="0">
  <testcase classname="com.saucedemo.HomePageTest" name="checkPresenceOfLoginPageComponents" time="10.802">
    <error message="no such window: target window already closed
from unknown error: web view not found
  (Session info: chrome=103.0.5060.53)
Build info: version: &#039;4.2.2&#039;, revision: &#039;683ccb65d6&#039;
System info: host: &#039;Sanjays-MacBook-Pro.local&#039;, ip: &#039;2603:7000:7801:9e73:294d:c56:808:e136%en0&#039;, os.name: &#039;Mac OS X&#039;, os.arch: &#039;x86_64&#039;, os.version: &#039;11.6.5&#039;, java.version: &#039;18.0.1&#039;
Driver info: org.openqa.selenium.chrome.ChromeDriver
Command: [1eb727ce2546fc1645fa550bb3261824, findElement {using=id, value=user-name}]
Capabilities {acceptInsecureCerts: false, browserName: chrome, browserVersion: 103.0.5060.53, chrome: {chromedriverVersion: 102.0.5005.61 (0e59bcc00cc4..., userDataDir: /var/folders/7b/tx_tstfn4kb...}, goog:chromeOptions: {debuggerAddress: localhost:54830}, networkConnectionEnabled: false, pageLoadStrategy: normal, platformName: MAC, proxy: Proxy(), se:cdp: ws://localhost:54830/devtoo..., se:cdpVersion: 103.0.5060.53, setWindowRect: true, strictFileInteractability: false, timeouts: {implicit: 0, pageLoad: 300000, script: 30000}, unhandledPromptBehavior: dismiss and notify, webauthn:extension:credBlob: true, webauthn:extension:largeBlob: true, webauthn:virtualAuthenticators: true}
Session ID: 1eb727ce2546fc1645fa550bb3261824" type="org.openqa.selenium.NoSuchWindowException">
      <![CDATA[org.openqa.selenium.NoSuchWindowException: no such window: target window already closed
from unknown error: web view not found
  (Session info: chrome=103.0.5060.53)
Build info: version: '4.2.2', revision: '683ccb65d6'
System info: host: 'Sanjays-MacBook-Pro.local', ip: '2603:7000:7801:9e73:294d:c56:808:e136%en0', os.name: 'Mac OS X', os.arch: 'x86_64', os.version: '11.6.5', java.version: '18.0.1'
Driver info: org.openqa.selenium.chrome.ChromeDriver
Command: [1eb727ce2546fc1645fa550bb3261824, findElement {using=id, value=user-name}]
Capabilities {acceptInsecureCerts: false, browserName: chrome, browserVersion: 103.0.5060.53, chrome: {chromedriverVersion: 102.0.5005.61 (0e59bcc00cc4..., userDataDir: /var/folders/7b/tx_tstfn4kb...}, goog:chromeOptions: {debuggerAddress: localhost:54830}, networkConnectionEnabled: false, pageLoadStrategy: normal, platformName: MAC, proxy: Proxy(), se:cdp: ws://localhost:54830/devtoo..., se:cdpVersion: 103.0.5060.53, setWindowRect: true, strictFileInteractability: false, timeouts: {implicit: 0, pageLoad: 300000, script: 30000}, unhandledPromptBehavior: dismiss and notify, webauthn:extension:credBlob: true, webauthn:extension:largeBlob: true, webauthn:virtualAuthenticators: true}
Session ID: 1eb727ce2546fc1645fa550bb3261824
at java.base/jdk.internal.reflect.DirectConstructorHandleAccessor.newInstance(DirectConstructorHandleAccessor.java:67)
at java.base/java.lang.reflect.Constructor.newInstanceWithCaller(Constructor.java:499)
at java.base/java.lang.reflect.Constructor.newInstance(Constructor.java:483)
at org.openqa.selenium.remote.codec.w3c.W3CHttpResponseCodec.createException(W3CHttpResponseCodec.java:200)
at org.openqa.selenium.remote.codec.w3c.W3CHttpResponseCodec.decode(W3CHttpResponseCodec.java:133)
at org.openqa.selenium.remote.codec.w3c.W3CHttpResponseCodec.decode(W3CHttpResponseCodec.java:53)
at org.openqa.selenium.remote.HttpCommandExecutor.execute(HttpCommandExecutor.java:184)
at org.openqa.selenium.remote.service.DriverCommandExecutor.invokeExecute(DriverCommandExecutor.java:167)
at org.openqa.selenium.remote.service.DriverCommandExecutor.execute(DriverCommandExecutor.java:142)
at org.openqa.selenium.remote.RemoteWebDriver.execute(RemoteWebDriver.java:588)
at org.openqa.selenium.remote.ElementLocation$ElementFinder$2.findElement(ElementLocation.java:162)
at org.openqa.selenium.remote.ElementLocation.findElement(ElementLocation.java:60)
at org.openqa.selenium.remote.RemoteWebDriver.findElement(RemoteWebDriver.java:406)
at org.openqa.selenium.remote.RemoteWebDriver.findElement(RemoteWebDriver.java:398)
at org.openqa.selenium.support.pagefactory.DefaultElementLocator.findElement(DefaultElementLocator.java:70)
at org.openqa.selenium.support.pagefactory.internal.LocatingElementHandler.invoke(LocatingElementHandler.java:39)
at jdk.proxy2/jdk.proxy2.$Proxy22.isDisplayed(Unknown Source)
at base.base.CommonAPI.isPresent(CommonAPI.java:186)
at pages.LoginPages.checkUserNameFieldPresence(LoginPages.java:26)
at pages.LoginPages.checkUserNameFieldPresence(LoginPages.java:27)
at pages.LoginPages.checkUserNameFieldPresence(LoginPages.java:27)
at pages.LoginPages.checkUserNameFieldPresence(LoginPages.java:27)
at pages.LoginPages.checkUserNameFieldPresence(LoginPages.java:27)
at pages.LoginPages.checkUserNameFieldPresence(LoginPages.java:27)
at pages.LoginPages.checkUserNameFieldPresence(LoginPages.java:27)
at pages.LoginPages.checkUserNameFieldPresence(LoginPages.java:27)
at pages.LoginPages.checkUserNameFieldPresence(LoginPages.java:27)
at pages.LoginPages.checkUserNameFieldPresence(LoginPages.java:27)
at pages.LoginPages.checkUserNameFieldPresence(LoginPages.java:27)
at pages.LoginPages.checkUserNameFieldPresence(LoginPages.java:27)
at pages.LoginPages.checkUserNameFieldPresence(LoginPages.java:27)
at pages.LoginPages.checkUserNameFieldPresence(LoginPages.java:27)
at pages.LoginPages.checkUserNameFieldPresence(LoginPages.java:27)
at pages.LoginPages.checkUserNameFieldPresence(LoginPages.java:27)
at pages.LoginPages.checkUserNameFieldPresence(LoginPages.java:27)
at pages.LoginPages.checkUserNameFieldPresence(LoginPages.java:27)
at pages.LoginPages.checkUserNameFieldPresence(LoginPages.java:27)
at pages.LoginPages.checkUserNameFieldPresence(LoginPages.java:27)
at pages.LoginPages.checkUserNameFieldPresence(LoginPages.java:27)
at pages.LoginPages.checkUserNameFieldPresence(LoginPages.java:27)
at pages.LoginPages.checkUserNameFieldPresence(LoginPages.java:27)
at pages.LoginPages.checkUserNameFieldPresence(LoginPages.java:27)
at pages.LoginPages.checkUserNameFieldPresence(LoginPages.java:27)
at pages.LoginPages.checkUserNameFieldPresence(LoginPages.java:27)
at pages.LoginPages.checkUserNameFieldPresence(LoginPages.java:27)
at pages.LoginPages.checkUserNameFieldPresence(LoginPages.java:27)
at pages.LoginPages.checkUserNameFieldPresence(LoginPages.java:27)
at pages.LoginPages.checkUserNameFieldPresence(LoginPages.java:27)
at pages.LoginPages.checkUserNameFieldPresence(LoginPages.java:27)
at pages.LoginPages.checkUserNameFieldPresence(LoginPages.java:27)
at pages.LoginPages.checkUserNameFieldPresence(LoginPages.java:27)
at pages.LoginPages.checkUserNameFieldPresence(LoginPages.java:27)
at pages.LoginPages.checkUserNameFieldPresence(LoginPages.java:27)
at pages.LoginPages.checkUserNameFieldPresence(LoginPages.java:27)
at pages.LoginPages.checkUserNameFieldPresence(LoginPages.java:27)
at pages.LoginPages.checkUserNameFieldPresence(LoginPages.java:27)
at pages.LoginPages.checkUserNameFieldPresence(LoginPages.java:27)
at pages.LoginPages.checkUserNameFieldPresence(LoginPages.java:27)
at pages.LoginPages.checkUserNameFieldPresence(LoginPages.java:27)
at pages.LoginPages.checkUserNameFieldPresence(LoginPages.java:27)
at pages.LoginPages.checkUserNameFieldPresence(LoginPages.java:27)
at pages.LoginPages.checkUserNameFieldPresence(LoginPages.java:27)
at pages.LoginPages.checkUserNameFieldPresence(LoginPages.java:27)
at pages.LoginPages.checkUserNameFieldPresence(LoginPages.java:27)
at pages.LoginPages.checkUserNameFieldPresence(LoginPages.java:27)
at pages.LoginPages.checkUserNameFieldPresence(LoginPages.java:27)
at pages.LoginPages.checkUserNameFieldPresence(LoginPages.java:27)
at pages.LoginPages.checkUserNameFieldPresence(LoginPages.java:27)
at pages.LoginPages.checkUserNameFieldPresence(LoginPages.java:27)
at pages.LoginPages.checkUserNameFieldPresence(LoginPages.java:27)
at pages.LoginPages.checkUserNameFieldPresence(LoginPages.java:27)
at pages.LoginPages.checkUserNameFieldPresence(LoginPages.java:27)
at pages.LoginPages.checkUserNameFieldPresence(LoginPages.java:27)
at pages.LoginPages.checkUserNameFieldPresence(LoginPages.java:27)
at pages.LoginPages.checkUserNameFieldPresence(LoginPages.java:27)
at pages.LoginPages.checkUserNameFieldPresence(LoginPages.java:27)
at pages.LoginPages.checkUserNameFieldPresence(LoginPages.java:27)
at pages.LoginPages.checkUserNameFieldPresence(LoginPages.java:27)
at pages.LoginPages.checkUserNameFieldPresence(LoginPages.java:27)
at pages.LoginPages.checkUserNameFieldPresence(LoginPages.java:27)
at pages.LoginPages.checkUserNameFieldPresence(LoginPages.java:27)
at pages.LoginPages.checkUserNameFieldPresence(LoginPages.java:27)
at pages.LoginPages.checkUserNameFieldPresence(LoginPages.java:27)
at pages.LoginPages.checkUserNameFieldPresence(LoginPages.java:27)
at pages.LoginPages.checkUserNameFieldPresence(LoginPages.java:27)
at pages.LoginPages.checkUserNameFieldPresence(LoginPages.java:27)
at pages.LoginPages.checkUserNameFieldPresence(LoginPages.java:27)
at pages.LoginPages.checkUserNameFieldPresence(LoginPages.java:27)
at pages.LoginPages.checkUserNameFieldPresence(LoginPages.java:27)
at pages.LoginPages.checkUserNameFieldPresence(LoginPages.java:27)
at pages.LoginPages.checkUserNameFieldPresence(LoginPages.java:27)
at pages.LoginPages.checkUserNameFieldPresence(LoginPages.java:27)
at pages.LoginPages.checkUserNameFieldPresence(LoginPages.java:27)
at pages.LoginPages.checkUserNameFieldPresence(LoginPages.java:27)
at pages.LoginPages.checkUserNameFieldPresence(LoginPages.java:27)
at pages.LoginPages.checkUserNameFieldPresence(LoginPages.java:27)
at pages.LoginPages.checkUserNameFieldPresence(LoginPages.java:27)
at pages.LoginPages.checkUserNameFieldPresence(LoginPages.java:27)
at pages.LoginPages.checkUserNameFieldPresence(LoginPages.java:27)
at pages.LoginPages.checkUserNameFieldPresence(LoginPages.java:27)
at pages.LoginPages.checkUserNameFieldPresence(LoginPages.java:27)
at pages.LoginPages.checkUserNameFieldPresence(LoginPages.java:27)
at pages.LoginPages.checkUserNameFieldPresence(LoginPages.java:27)
at pages.LoginPages.checkUserNameFieldPresence(LoginPages.java:27)
at pages.LoginPages.checkUserNameFieldPresence(LoginPages.java:27)
at pages.LoginPages.checkUserNameFieldPresence(LoginPages.java:27)
at pages.LoginPages.checkUserNameFieldPresence(LoginPages.java:27)
at pages.LoginPages.checkUserNameFieldPresence(LoginPages.java:27)
at pages.LoginPages.checkUserNameFieldPresence(LoginPages.java:27)
at pages.LoginPages.checkUserNameFieldPresence(LoginPages.java:27)
at pages.LoginPages.checkUserNameFieldPresence(LoginPages.java:27)
at pages.LoginPages.checkUserNameFieldPresence(LoginPages.java:27)
at pages.LoginPages.checkUserNameFieldPresence(LoginPages.java:27)
at pages.LoginPages.checkUserNameFieldPresence(LoginPages.java:27)
at pages.LoginPages.checkUserNameFieldPresence(LoginPages.java:27)
at pages.LoginPages.checkUserNameFieldPresence(LoginPages.java:27)
at pages.LoginPages.checkUserNameFieldPresence(LoginPages.java:27)
at pages.LoginPages.checkUserNameFieldPresence(LoginPages.java:27)
at pages.LoginPages.checkUserNameFieldPresence(LoginPages.java:27)
at pages.LoginPages.checkUserNameFieldPresence(LoginPages.java:27)
at pages.LoginPages.checkUserNameFieldPresence(LoginPages.java:27)
at pages.LoginPages.checkUserNameFieldPresence(LoginPages.java:27)
at pages.LoginPages.checkUserNameFieldPresence(LoginPages.java:27)
at pages.LoginPages.checkUserNameFieldPresence(LoginPages.java:27)
at pages.LoginPages.checkUserNameFieldPresence(LoginPages.java:27)
at pages.LoginPages.checkUserNameFieldPresence(LoginPages.java:27)
at pages.LoginPages.checkUserNameFieldPresence(LoginPages.java:27)
at pages.LoginPages.checkUserNameFieldPresence(LoginPages.java:27)
at pages.LoginPages.checkUserNameFieldPresence(LoginPages.java:27)
at pages.LoginPages.checkUserNameFieldPresence(LoginPages.java:27)
at pages.LoginPages.checkUserNameFieldPresence(LoginPages.java:27)
at pages.LoginPages.checkUserNameFieldPresence(LoginPages.java:27)
at pages.LoginPages.checkUserNameFieldPresence(LoginPages.java:27)
at pages.LoginPages.checkUserNameFieldPresence(LoginPages.java:27)
at pages.LoginPages.checkUserNameFieldPresence(LoginPages.java:27)
at pages.LoginPages.checkUserNameFieldPresence(LoginPages.java:27)
at pages.LoginPages.checkUserNameFieldPresence(LoginPages.java:27)
at pages.LoginPages.checkUserNameFieldPresence(LoginPages.java:27)
at pages.LoginPages.checkUserNameFieldPresence(LoginPages.java:27)
at pages.LoginPages.checkUserNameFieldPresence(LoginPages.java:27)
at pages.LoginPages.checkUserNameFieldPresence(LoginPages.java:27)
at pages.LoginPages.checkUserNameFieldPresence(LoginPages.java:27)
at pages.LoginPages.checkUserNameFieldPresence(LoginPages.java:27)
at pages.LoginPages.checkUserNameFieldPresence(LoginPages.java:27)
at pages.LoginPages.checkUserNameFieldPresence(LoginPages.java:27)
at pages.LoginPages.checkUserNameFieldPresence(LoginPages.java:27)
at pages.LoginPages.checkUserNameFieldPresence(LoginPages.java:27)
at pages.LoginPages.checkUserNameFieldPresence(LoginPages.java:27)
at pages.LoginPages.checkUserNameFieldPresence(LoginPages.java:27)
at pages.LoginPages.checkUserNameFieldPresence(LoginPages.java:27)
at pages.LoginPages.checkUserNameFieldPresence(LoginPages.java:27)
at pages.LoginPages.checkUserNameFieldPresence(LoginPages.java:27)
at pages.LoginPages.checkUserNameFieldPresence(LoginPages.java:27)
at pages.LoginPages.checkUserNameFieldPresence(LoginPages.java:27)
at pages.LoginPages.checkUserNameFieldPresence(LoginPages.java:27)
at pages.LoginPages.checkUserNameFieldPresence(LoginPages.java:27)
at pages.LoginPages.checkUserNameFieldPresence(LoginPages.java:27)
at pages.LoginPages.checkUserNameFieldPresence(LoginPages.java:27)
at pages.LoginPages.checkUserNameFieldPresence(LoginPages.java:27)
at pages.LoginPages.checkUserNameFieldPresence(LoginPages.java:27)
at pages.LoginPages.checkUserNameFieldPresence(LoginPages.java:27)
at pages.LoginPages.checkUserNameFieldPresence(LoginPages.java:27)
at pages.LoginPages.checkUserNameFieldPresence(LoginPages.java:27)
at pages.LoginPages.checkUserNameFieldPresence(LoginPages.java:27)
at pages.LoginPages.checkUserNameFieldPresence(LoginPages.java:27)
at pages.LoginPages.checkUserNameFieldPresence(LoginPages.java:27)
at pages.LoginPages.checkUserNameFieldPresence(LoginPages.java:27)
at pages.LoginPages.checkUserNameFieldPresence(LoginPages.java:27)
at pages.LoginPages.checkUserNameFieldPresence(LoginPages.java:27)
at pages.LoginPages.checkUserNameFieldPresence(LoginPages.java:27)
at pages.LoginPages.checkUserNameFieldPresence(LoginPages.java:27)
at pages.LoginPages.checkUserNameFieldPresence(LoginPages.java:27)
at pages.LoginPages.checkUserNameFieldPresence(LoginPages.java:27)
at pages.LoginPages.checkUserNameFieldPresence(LoginPages.java:27)
at pages.LoginPages.checkUserNameFieldPresence(LoginPages.java:27)
at pages.LoginPages.checkUserNameFieldPresence(LoginPages.java:27)
at pages.LoginPages.checkUserNameFieldPresence(LoginPages.java:27)
at pages.LoginPages.checkUserNameFieldPresence(LoginPages.java:27)
at pages.LoginPages.checkUserNameFieldPresence(LoginPages.java:27)
at pages.LoginPages.checkUserNameFieldPresence(LoginPages.java:27)
at pages.LoginPages.checkUserNameFieldPresence(LoginPages.java:27)
at pages.LoginPages.checkUserNameFieldPresence(LoginPages.java:27)
at pages.LoginPages.checkUserNameFieldPresence(LoginPages.java:27)
at pages.LoginPages.checkUserNameFieldPresence(LoginPages.java:27)
at pages.LoginPages.checkUserNameFieldPresence(LoginPages.java:27)
at pages.LoginPages.checkUserNameFieldPresence(LoginPages.java:27)
at pages.LoginPages.checkUserNameFieldPresence(LoginPages.java:27)
at pages.LoginPages.checkUserNameFieldPresence(LoginPages.java:27)
at pages.LoginPages.checkUserNameFieldPresence(LoginPages.java:27)
at pages.LoginPages.checkUserNameFieldPresence(LoginPages.java:27)
at pages.LoginPages.checkUserNameFieldPresence(LoginPages.java:27)
at pages.LoginPages.checkUserNameFieldPresence(LoginPages.java:27)
at pages.LoginPages.checkUserNameFieldPresence(LoginPages.java:27)
at pages.LoginPages.checkUserNameFieldPresence(LoginPages.java:27)
at pages.LoginPages.checkUserNameFieldPresence(LoginPages.java:27)
at pages.LoginPages.checkUserNameFieldPresence(LoginPages.java:27)
at pages.LoginPages.checkUserNameFieldPresence(LoginPages.java:27)
at pages.LoginPages.checkUserNameFieldPresence(LoginPages.java:27)
at pages.LoginPages.checkUserNameFieldPresence(LoginPages.java:27)
at pages.LoginPages.checkUserNameFieldPresence(LoginPages.java:27)
at pages.LoginPages.checkUserNameFieldPresence(LoginPages.java:27)
at pages.LoginPages.checkUserNameFieldPresence(LoginPages.java:27)
at pages.LoginPages.checkUserNameFieldPresence(LoginPages.java:27)
at pages.LoginPages.checkUserNameFieldPresence(LoginPages.java:27)
at pages.LoginPages.checkUserNameFieldPresence(LoginPages.java:27)
at pages.LoginPages.checkUserNameFieldPresence(LoginPages.java:27)
at pages.LoginPages.checkUserNameFieldPresence(LoginPages.java:27)
at pages.LoginPages.checkUserNameFieldPresence(LoginPages.java:27)
at pages.LoginPages.checkUserNameFieldPresence(LoginPages.java:27)
at pages.LoginPages.checkUserNameFieldPresence(LoginPages.java:27)
at pages.LoginPages.checkUserNameFieldPresence(LoginPages.java:27)
at pages.LoginPages.checkUserNameFieldPresence(LoginPages.java:27)
at pages.LoginPages.checkUserNameFieldPresence(LoginPages.java:27)
at pages.LoginPages.checkUserNameFieldPresence(LoginPages.java:27)
at pages.LoginPages.checkUserNameFieldPresence(LoginPages.java:27)
at pages.LoginPages.checkUserNameFieldPresence(LoginPages.java:27)
at pages.LoginPages.checkUserNameFieldPresence(LoginPages.java:27)
at pages.LoginPages.checkUserNameFieldPresence(LoginPages.java:27)
at pages.LoginPages.checkUserNameFieldPresence(LoginPages.java:27)
at pages.LoginPages.checkUserNameFieldPresence(LoginPages.java:27)
at pages.LoginPages.checkUserNameFieldPresence(LoginPages.java:27)
at pages.LoginPages.checkUserNameFieldPresence(LoginPages.java:27)
at pages.LoginPages.checkUserNameFieldPresence(LoginPages.java:27)
at pages.LoginPages.checkUserNameFieldPresence(LoginPages.java:27)
at pages.LoginPages.checkUserNameFieldPresence(LoginPages.java:27)
at pages.LoginPages.checkUserNameFieldPresence(LoginPages.java:27)
at pages.LoginPages.checkUserNameFieldPresence(LoginPages.java:27)
at pages.LoginPages.checkUserNameFieldPresence(LoginPages.java:27)
at pages.LoginPages.checkUserNameFieldPresence(LoginPages.java:27)
at pages.LoginPages.checkUserNameFieldPresence(LoginPages.java:27)
at pages.LoginPages.checkUserNameFieldPresence(LoginPages.java:27)
at pages.LoginPages.checkUserNameFieldPresence(LoginPages.java:27)
at pages.LoginPages.checkUserNameFieldPresence(LoginPages.java:27)
at pages.LoginPages.checkUserNameFieldPresence(LoginPages.java:27)
at pages.LoginPages.checkUserNameFieldPresence(LoginPages.java:27)
at pages.LoginPages.checkUserNameFieldPresence(LoginPages.java:27)
at pages.LoginPages.checkUserNameFieldPresence(LoginPages.java:27)
at pages.LoginPages.checkUserNameFieldPresence(LoginPages.java:27)
at pages.LoginPages.checkUserNameFieldPresence(LoginPages.java:27)
at pages.LoginPages.checkUserNameFieldPresence(LoginPages.java:27)
at pages.LoginPages.checkUserNameFieldPresence(LoginPages.java:27)
at pages.LoginPages.checkUserNameFieldPresence(LoginPages.java:27)
at pages.LoginPages.checkUserNameFieldPresence(LoginPages.java:27)
at pages.LoginPages.checkUserNameFieldPresence(LoginPages.java:27)
at pages.LoginPages.checkUserNameFieldPresence(LoginPages.java:27)
at pages.LoginPages.checkUserNameFieldPresence(LoginPages.java:27)
at pages.LoginPages.checkUserNameFieldPresence(LoginPages.java:27)
at pages.LoginPages.checkUserNameFieldPresence(LoginPages.java:27)
at pages.LoginPages.checkUserNameFieldPresence(LoginPages.java:27)
at pages.LoginPages.checkUserNameFieldPresence(LoginPages.java:27)
at pages.LoginPages.checkUserNameFieldPresence(LoginPages.java:27)
at pages.LoginPages.checkUserNameFieldPresence(LoginPages.java:27)
at pages.LoginPages.checkUserNameFieldPresence(LoginPages.java:27)
at pages.LoginPages.checkUserNameFieldPresence(LoginPages.java:27)
at pages.LoginPages.checkUserNameFieldPresence(LoginPages.java:27)
at pages.LoginPages.checkUserNameFieldPresence(LoginPages.java:27)
at pages.LoginPages.checkUserNameFieldPresence(LoginPages.java:27)
at pages.LoginPages.checkUserNameFieldPresence(LoginPages.java:27)
at pages.LoginPages.checkUserNameFieldPresence(LoginPages.java:27)
at pages.LoginPages.checkUserNameFieldPresence(LoginPages.java:27)
at pages.LoginPages.checkUserNameFieldPresence(LoginPages.java:27)
at pages.LoginPages.checkUserNameFieldPresence(LoginPages.java:27)
at pages.LoginPages.checkUserNameFieldPresence(LoginPages.java:27)
at pages.LoginPages.checkUserNameFieldPresence(LoginPages.java:27)
at pages.LoginPages.checkUserNameFieldPresence(LoginPages.java:27)
at pages.LoginPages.checkUserNameFieldPresence(LoginPages.java:27)
at pages.LoginPages.checkUserNameFieldPresence(LoginPages.java:27)
at pages.LoginPages.checkUserNameFieldPresence(LoginPages.java:27)
at pages.LoginPages.checkUserNameFieldPresence(LoginPages.java:27)
at pages.LoginPages.checkUserNameFieldPresence(LoginPages.java:27)
at pages.LoginPages.checkUserNameFieldPresence(LoginPages.java:27)
at pages.LoginPages.checkUserNameFieldPresence(LoginPages.java:27)
at pages.LoginPages.checkUserNameFieldPresence(LoginPages.java:27)
at pages.LoginPages.checkUserNameFieldPresence(LoginPages.java:27)
at pages.LoginPages.checkUserNameFieldPresence(LoginPages.java:27)
at pages.LoginPages.checkUserNameFieldPresence(LoginPages.java:27)
at pages.LoginPages.checkUserNameFieldPresence(LoginPages.java:27)
at pages.LoginPages.checkUserNameFieldPresence(LoginPages.java:27)
at pages.LoginPages.checkUserNameFieldPresence(LoginPages.java:27)
at pages.LoginPages.checkUserNameFieldPresence(LoginPages.java:27)
at pages.LoginPages.checkUserNameFieldPresence(LoginPages.java:27)
at pages.LoginPages.checkUserNameFieldPresence(LoginPages.java:27)
at pages.LoginPages.checkUserNameFieldPresence(LoginPages.java:27)
at pages.LoginPages.checkUserNameFieldPresence(LoginPages.java:27)
at pages.LoginPages.checkUserNameFieldPresence(LoginPages.java:27)
at pages.LoginPages.checkUserNameFieldPresence(LoginPages.java:27)
at pages.LoginPages.checkUserNameFieldPresence(LoginPages.java:27)
at pages.LoginPages.checkUserNameFieldPresence(LoginPages.java:27)
at pages.LoginPages.checkUserNameFieldPresence(LoginPages.java:27)
at pages.LoginPages.checkUserNameFieldPresence(LoginPages.java:27)
at pages.LoginPages.checkUserNameFieldPresence(LoginPages.java:27)
at pages.LoginPages.checkUserNameFieldPresence(LoginPages.java:27)
at pages.LoginPages.checkUserNameFieldPresence(LoginPages.java:27)
at pages.LoginPages.checkUserNameFieldPresence(LoginPages.java:27)
at pages.LoginPages.checkUserNameFieldPresence(LoginPages.java:27)
at pages.LoginPages.checkUserNameFieldPresence(LoginPages.java:27)
at pages.LoginPages.checkUserNameFieldPresence(LoginPages.java:27)
at pages.LoginPages.checkUserNameFieldPresence(LoginPages.java:27)
at pages.LoginPages.checkUserNameFieldPresence(LoginPages.java:27)
at pages.LoginPages.checkUserNameFieldPresence(LoginPages.java:27)
at pages.LoginPages.checkUserNameFieldPresence(LoginPages.java:27)
at pages.LoginPages.checkUserNameFieldPresence(LoginPages.java:27)
at pages.LoginPages.checkUserNameFieldPresence(LoginPages.java:27)
at pages.LoginPages.checkUserNameFieldPresence(LoginPages.java:27)
at pages.LoginPages.checkUserNameFieldPresence(LoginPages.java:27)
at pages.LoginPages.checkUserNameFieldPresence(LoginPages.java:27)
at pages.LoginPages.checkUserNameFieldPresence(LoginPages.java:27)
at pages.LoginPages.checkUserNameFieldPresence(LoginPages.java:27)
at pages.LoginPages.checkUserNameFieldPresence(LoginPages.java:27)
at pages.LoginPages.checkUserNameFieldPresence(LoginPages.java:27)
at pages.LoginPages.checkUserNameFieldPresence(LoginPages.java:27)
at pages.LoginPages.checkUserNameFieldPresence(LoginPages.java:27)
at pages.LoginPages.checkUserNameFieldPresence(LoginPages.java:27)
at pages.LoginPages.checkUserNameFieldPresence(LoginPages.java:27)
at pages.LoginPages.checkUserNameFieldPresence(LoginPages.java:27)
at pages.LoginPages.checkUserNameFieldPresence(LoginPages.java:27)
at pages.LoginPages.checkUserNameFieldPresence(LoginPages.java:27)
at pages.LoginPages.checkUserNameFieldPresence(LoginPages.java:27)
at pages.LoginPages.checkUserNameFieldPresence(LoginPages.java:27)
at pages.LoginPages.checkUserNameFieldPresence(LoginPages.java:27)
at pages.LoginPages.checkUserNameFieldPresence(LoginPages.java:27)
at pages.LoginPages.checkUserNameFieldPresence(LoginPages.java:27)
at pages.LoginPages.checkUserNameFieldPresence(LoginPages.java:27)
at pages.LoginPages.checkUserNameFieldPresence(LoginPages.java:27)
at pages.LoginPages.checkUserNameFieldPresence(LoginPages.java:27)
at pages.LoginPages.checkUserNameFieldPresence(LoginPages.java:27)
at pages.LoginPages.checkUserNameFieldPresence(LoginPages.java:27)
at pages.LoginPages.checkUserNameFieldPresence(LoginPages.java:27)
at pages.LoginPages.checkUserNameFieldPresence(LoginPages.java:27)
at pages.LoginPages.checkUserNameFieldPresence(LoginPages.java:27)
at pages.LoginPages.checkUserNameFieldPresence(LoginPages.java:27)
at pages.LoginPages.checkUserNameFieldPresence(LoginPages.java:27)
at pages.LoginPages.checkUserNameFieldPresence(LoginPages.java:27)
at pages.LoginPages.checkUserNameFieldPresence(LoginPages.java:27)
at pages.LoginPages.checkUserNameFieldPresence(LoginPages.java:27)
at pages.LoginPages.checkUserNameFieldPresence(LoginPages.java:27)
at pages.LoginPages.checkUserNameFieldPresence(LoginPages.java:27)
at pages.LoginPages.checkUserNameFieldPresence(LoginPages.java:27)
at pages.LoginPages.checkUserNameFieldPresence(LoginPages.java:27)
at pages.LoginPages.checkUserNameFieldPresence(LoginPages.java:27)
at pages.LoginPages.checkUserNameFieldPresence(LoginPages.java:27)
at pages.LoginPages.checkUserNameFieldPresence(LoginPages.java:27)
at pages.LoginPages.checkUserNameFieldPresence(LoginPages.java:27)
at pages.LoginPages.checkUserNameFieldPresence(LoginPages.java:27)
at pages.LoginPages.checkUserNameFieldPresence(LoginPages.java:27)
at pages.LoginPages.checkUserNameFieldPresence(LoginPages.java:27)
at pages.LoginPages.checkUserNameFieldPresence(LoginPages.java:27)
at pages.LoginPages.checkUserNameFieldPresence(LoginPages.java:27)
at pages.LoginPages.checkUserNameFieldPresence(LoginPages.java:27)
at pages.LoginPages.checkUserNameFieldPresence(LoginPages.java:27)
at pages.LoginPages.checkUserNameFieldPresence(LoginPages.java:27)
at pages.LoginPages.checkUserNameFieldPresence(LoginPages.java:27)
at pages.LoginPages.checkUserNameFieldPresence(LoginPages.java:27)
at pages.LoginPages.checkUserNameFieldPresence(LoginPages.java:27)
at pages.LoginPages.checkUserNameFieldPresence(LoginPages.java:27)
at pages.LoginPages.checkUserNameFieldPresence(LoginPages.java:27)
at pages.LoginPages.checkUserNameFieldPresence(LoginPages.java:27)
at pages.LoginPages.checkUserNameFieldPresence(LoginPages.java:27)
at pages.LoginPages.checkUserNameFieldPresence(LoginPages.java:27)
at pages.LoginPages.checkUserNameFieldPresence(LoginPages.java:27)
at pages.LoginPages.checkUserNameFieldPresence(LoginPages.java:27)
at pages.LoginPages.checkUserNameFieldPresence(LoginPages.java:27)
at pages.LoginPages.checkUserNameFieldPresence(LoginPages.java:27)
at pages.LoginPages.checkUserNameFieldPresence(LoginPages.java:27)
at pages.LoginPages.checkUserNameFieldPresence(LoginPages.java:27)
at pages.LoginPages.checkUserNameFieldPresence(LoginPages.java:27)
at pages.LoginPages.checkUserNameFieldPresence(LoginPages.java:27)
at pages.LoginPages.checkUserNameFieldPresence(LoginPages.java:27)
at pages.LoginPages.checkUserNameFieldPresence(LoginPages.java:27)
at pages.LoginPages.checkUserNameFieldPresence(LoginPages.java:27)
at pages.LoginPages.checkUserNameFieldPresence(LoginPages.java:27)
at pages.LoginPages.checkUserNameFieldPresence(LoginPages.java:27)
at pages.LoginPages.checkUserNameFieldPresence(LoginPages.java:27)
at pages.LoginPages.checkUserNameFieldPresence(LoginPages.java:27)
at pages.LoginPages.checkUserNameFieldPresence(LoginPages.java:27)
at pages.LoginPages.checkUserNameFieldPresence(LoginPages.java:27)
at pages.LoginPages.checkUserNameFieldPresence(LoginPages.java:27)
at pages.LoginPages.checkUserNameFieldPresence(LoginPages.java:27)
at pages.LoginPages.checkUserNameFieldPresence(LoginPages.java:27)
at pages.LoginPages.checkUserNameFieldPresence(LoginPages.java:27)
at pages.LoginPages.checkUserNameFieldPresence(LoginPages.java:27)
at pages.LoginPages.checkUserNameFieldPresence(LoginPages.java:27)
at pages.LoginPages.checkUserNameFieldPresence(LoginPages.java:27)
at pages.LoginPages.checkUserNameFieldPresence(LoginPages.java:27)
at pages.LoginPages.checkUserNameFieldPresence(LoginPages.java:27)
at pages.LoginPages.checkUserNameFieldPresence(LoginPages.java:27)
at pages.LoginPages.checkUserNameFieldPresence(LoginPages.java:27)
at pages.LoginPages.checkUserNameFieldPresence(LoginPages.java:27)
at pages.LoginPages.checkUserNameFieldPresence(LoginPages.java:27)
at pages.LoginPages.checkUserNameFieldPresence(LoginPages.java:27)
at pages.LoginPages.checkUserNameFieldPresence(LoginPages.java:27)
at pages.LoginPages.checkUserNameFieldPresence(LoginPages.java:27)
at pages.LoginPages.checkUserNameFieldPresence(LoginPages.java:27)
at pages.LoginPages.checkUserNameFieldPresence(LoginPages.java:27)
at pages.LoginPages.checkUserNameFieldPresence(LoginPages.java:27)
at pages.LoginPages.checkUserNameFieldPresence(LoginPages.java:27)
at pages.LoginPages.checkUserNameFieldPresence(LoginPages.java:27)
at pages.LoginPages.checkUserNameFieldPresence(LoginPages.java:27)
at pages.LoginPages.checkUserNameFieldPresence(LoginPages.java:27)
at pages.LoginPages.checkUserNameFieldPresence(LoginPages.java:27)
at pages.LoginPages.checkUserNameFieldPresence(LoginPages.java:27)
at pages.LoginPages.checkUserNameFieldPresence(LoginPages.java:27)
at pages.LoginPages.checkUserNameFieldPresence(LoginPages.java:27)
at pages.LoginPages.checkUserNameFieldPresence(LoginPages.java:27)
at pages.LoginPages.checkUserNameFieldPresence(LoginPages.java:27)
at pages.LoginPages.checkUserNameFieldPresence(LoginPages.java:27)
at pages.LoginPages.checkUserNameFieldPresence(LoginPages.java:27)
at pages.LoginPages.checkUserNameFieldPresence(LoginPages.java:27)
at pages.LoginPages.checkUserNameFieldPresence(LoginPages.java:27)
at pages.LoginPages.checkUserNameFieldPresence(LoginPages.java:27)
at pages.LoginPages.checkUserNameFieldPresence(LoginPages.java:27)
at pages.LoginPages.checkUserNameFieldPresence(LoginPages.java:27)
at pages.LoginPages.checkUserNameFieldPresence(LoginPages.java:27)
at pages.LoginPages.checkUserNameFieldPresence(LoginPages.java:27)
at pages.LoginPages.checkUserNameFieldPresence(LoginPages.java:27)
at pages.LoginPages.checkUserNameFieldPresence(LoginPages.java:27)
at pages.LoginPages.checkUserNameFieldPresence(LoginPages.java:27)
at pages.LoginPages.checkUserNameFieldPresence(LoginPages.java:27)
at pages.LoginPages.checkUserNameFieldPresence(LoginPages.java:27)
at pages.LoginPages.checkUserNameFieldPresence(LoginPages.java:27)
at pages.LoginPages.checkUserNameFieldPresence(LoginPages.java:27)
at pages.LoginPages.checkUserNameFieldPresence(LoginPages.java:27)
at pages.LoginPages.checkUserNameFieldPresence(LoginPages.java:27)
at pages.LoginPages.checkUserNameFieldPresence(LoginPages.java:27)
at pages.LoginPages.checkUserNameFieldPresence(LoginPages.java:27)
at pages.LoginPages.checkUserNameFieldPresence(LoginPages.java:27)
at pages.LoginPages.checkUserNameFieldPresence(LoginPages.java:27)
at pages.LoginPages.checkUserNameFieldPresence(LoginPages.java:27)
at pages.LoginPages.checkUserNameFieldPresence(LoginPages.java:27)
at pages.LoginPages.checkUserNameFieldPresence(LoginPages.java:27)
at pages.LoginPages.checkUserNameFieldPresence(LoginPages.java:27)
at pages.LoginPages.checkUserNameFieldPresence(LoginPages.java:27)
at pages.LoginPages.checkUserNameFieldPresence(LoginPages.java:27)
at pages.LoginPages.checkUserNameFieldPresence(LoginPages.java:27)
at pages.LoginPages.checkUserNameFieldPresence(LoginPages.java:27)
at pages.LoginPages.checkUserNameFieldPresence(LoginPages.java:27)
at pages.LoginPages.checkUserNameFieldPresence(LoginPages.java:27)
at pages.LoginPages.checkUserNameFieldPresence(LoginPages.java:27)
at pages.LoginPages.checkUserNameFieldPresence(LoginPages.java:27)
at pages.LoginPages.checkUserNameFieldPresence(LoginPages.java:27)
at pages.LoginPages.checkUserNameFieldPresence(LoginPages.java:27)
at pages.LoginPages.checkUserNameFieldPresence(LoginPages.java:27)
at pages.LoginPages.checkUserNameFieldPresence(LoginPages.java:27)
at pages.LoginPages.checkUserNameFieldPresence(LoginPages.java:27)
at pages.LoginPages.checkUserNameFieldPresence(LoginPages.java:27)
at pages.LoginPages.checkUserNameFieldPresence(LoginPages.java:27)
at pages.LoginPages.checkUserNameFieldPresence(LoginPages.java:27)
at pages.LoginPages.checkUserNameFieldPresence(LoginPages.java:27)
at pages.LoginPages.checkUserNameFieldPresence(LoginPages.java:27)
at pages.LoginPages.checkUserNameFieldPresence(LoginPages.java:27)
at pages.LoginPages.checkUserNameFieldPresence(LoginPages.java:27)
at pages.LoginPages.checkUserNameFieldPresence(LoginPages.java:27)
at pages.LoginPages.checkUserNameFieldPresence(LoginPages.java:27)
at pages.LoginPages.checkUserNameFieldPresence(LoginPages.java:27)
at pages.LoginPages.checkUserNameFieldPresence(LoginPages.java:27)
at pages.LoginPages.checkUserNameFieldPresence(LoginPages.java:27)
at pages.LoginPages.checkUserNameFieldPresence(LoginPages.java:27)
at pages.LoginPages.checkUserNameFieldPresence(LoginPages.java:27)
at pages.LoginPages.checkUserNameFieldPresence(LoginPages.java:27)
at pages.LoginPages.checkUserNameFieldPresence(LoginPages.java:27)
at pages.LoginPages.checkUserNameFieldPresence(LoginPages.java:27)
at pages.LoginPages.checkUserNameFieldPresence(LoginPages.java:27)
at pages.LoginPages.checkUserNameFieldPresence(LoginPages.java:27)
at pages.LoginPages.checkUserNameFieldPresence(LoginPages.java:27)
at pages.LoginPages.checkUserNameFieldPresence(LoginPages.java:27)
at pages.LoginPages.checkUserNameFieldPresence(LoginPages.java:27)
at pages.LoginPages.checkUserNameFieldPresence(LoginPages.java:27)
at pages.LoginPages.checkUserNameFieldPresence(LoginPages.java:27)
at pages.LoginPages.checkUserNameFieldPresence(LoginPages.java:27)
at pages.LoginPages.checkUserNameFieldPresence(LoginPages.java:27)
at pages.LoginPages.checkUserNameFieldPresence(LoginPages.java:27)
at pages.LoginPages.checkUserNameFieldPresence(LoginPages.java:27)
at pages.LoginPages.checkUserNameFieldPresence(LoginPages.java:27)
at pages.LoginPages.checkUserNameFieldPresence(LoginPages.java:27)
at pages.LoginPages.checkUserNameFieldPresence(LoginPages.java:27)
at pages.LoginPages.checkUserNameFieldPresence(LoginPages.java:27)
at pages.LoginPages.checkUserNameFieldPresence(LoginPages.java:27)
at pages.LoginPages.checkUserNameFieldPresence(LoginPages.java:27)
at pages.LoginPages.checkUserNameFieldPresence(LoginPages.java:27)
at pages.LoginPages.checkUserNameFieldPresence(LoginPages.java:27)
at pages.LoginPages.checkUserNameFieldPresence(LoginPages.java:27)
at pages.LoginPages.checkUserNameFieldPresence(LoginPages.java:27)
at pages.LoginPages.checkUserNameFieldPresence(LoginPages.java:27)
at pages.LoginPages.checkUserNameFieldPresence(LoginPages.java:27)
at pages.LoginPages.checkUserNameFieldPresence(LoginPages.java:27)
at pages.LoginPages.checkUserNameFieldPresence(LoginPages.java:27)
at pages.LoginPages.checkUserNameFieldPresence(LoginPages.java:27)
at pages.LoginPages.checkUserNameFieldPresence(LoginPages.java:27)
at pages.LoginPages.checkUserNameFieldPresence(LoginPages.java:27)
at pages.LoginPages.checkUserNameFieldPresence(LoginPages.java:27)
at pages.LoginPages.checkUserNameFieldPresence(LoginPages.java:27)
at pages.LoginPages.checkUserNameFieldPresence(LoginPages.java:27)
at pages.LoginPages.checkUserNameFieldPresence(LoginPages.java:27)
at pages.LoginPages.checkUserNameFieldPresence(LoginPages.java:27)
at pages.LoginPages.checkUserNameFieldPresence(LoginPages.java:27)
at pages.LoginPages.checkUserNameFieldPresence(LoginPages.java:27)
at pages.LoginPages.checkUserNameFieldPresence(LoginPages.java:27)
at pages.LoginPages.checkUserNameFieldPresence(LoginPages.java:27)
at pages.LoginPages.checkUserNameFieldPresence(LoginPages.java:27)
at pages.LoginPages.checkUserNameFieldPresence(LoginPages.java:27)
at pages.LoginPages.checkUserNameFieldPresence(LoginPages.java:27)
at pages.LoginPages.checkUserNameFieldPresence(LoginPages.java:27)
at pages.LoginPages.checkUserNameFieldPresence(LoginPages.java:27)
at pages.LoginPages.checkUserNameFieldPresence(LoginPages.java:27)
at pages.LoginPages.checkUserNameFieldPresence(LoginPages.java:27)
at pages.LoginPages.checkUserNameFieldPresence(LoginPages.java:27)
at pages.LoginPages.checkUserNameFieldPresence(LoginPages.java:27)
at pages.LoginPages.checkUserNameFieldPresence(LoginPages.java:27)
at pages.LoginPages.checkUserNameFieldPresence(LoginPages.java:27)
at pages.LoginPages.checkUserNameFieldPresence(LoginPages.java:27)
at pages.LoginPages.checkUserNameFieldPresence(LoginPages.java:27)
at pages.LoginPages.checkUserNameFieldPresence(LoginPages.java:27)
at pages.LoginPages.checkUserNameFieldPresence(LoginPages.java:27)
at pages.LoginPages.checkUserNameFieldPresence(LoginPages.java:27)
at pages.LoginPages.checkUserNameFieldPresence(LoginPages.java:27)
at pages.LoginPages.checkUserNameFieldPresence(LoginPages.java:27)
at pages.LoginPages.checkUserNameFieldPresence(LoginPages.java:27)
at pages.LoginPages.checkUserNameFieldPresence(LoginPages.java:27)
at pages.LoginPages.checkUserNameFieldPresence(LoginPages.java:27)
at pages.LoginPages.checkUserNameFieldPresence(LoginPages.java:27)
at pages.LoginPages.checkUserNameFieldPresence(LoginPages.java:27)
at pages.LoginPages.checkUserNameFieldPresence(LoginPages.java:27)
at pages.LoginPages.checkUserNameFieldPresence(LoginPages.java:27)
at pages.LoginPages.checkUserNameFieldPresence(LoginPages.java:27)
at pages.LoginPages.checkUserNameFieldPresence(LoginPages.java:27)
at pages.LoginPages.checkUserNameFieldPresence(LoginPages.java:27)
at pages.LoginPages.checkUserNameFieldPresence(LoginPages.java:27)
at pages.LoginPages.checkUserNameFieldPresence(LoginPages.java:27)
at pages.LoginPages.checkUserNameFieldPresence(LoginPages.java:27)
at pages.LoginPages.checkUserNameFieldPresence(LoginPages.java:27)
at pages.LoginPages.checkUserNameFieldPresence(LoginPages.java:27)
at pages.LoginPages.checkUserNameFieldPresence(LoginPages.java:27)
at pages.LoginPages.checkUserNameFieldPresence(LoginPages.java:27)
at pages.LoginPages.checkUserNameFieldPresence(LoginPages.java:27)
at pages.LoginPages.checkUserNameFieldPresence(LoginPages.java:27)
at pages.LoginPages.checkUserNameFieldPresence(LoginPages.java:27)
at pages.LoginPages.checkUserNameFieldPresence(LoginPages.java:27)
at pages.LoginPages.checkUserNameFieldPresence(LoginPages.java:27)
at pages.LoginPages.checkUserNameFieldPresence(LoginPages.java:27)
at pages.LoginPages.checkUserNameFieldPresence(LoginPages.java:27)
at pages.LoginPages.checkUserNameFieldPresence(LoginPages.java:27)
at pages.LoginPages.checkUserNameFieldPresence(LoginPages.java:27)
at pages.LoginPages.checkUserNameFieldPresence(LoginPages.java:27)
at pages.LoginPages.checkUserNameFieldPresence(LoginPages.java:27)
at pages.LoginPages.checkUserNameFieldPresence(LoginPages.java:27)
at pages.LoginPages.checkUserNameFieldPresence(LoginPages.java:27)
at pages.LoginPages.checkUserNameFieldPresence(LoginPages.java:27)
at pages.LoginPages.checkUserNameFieldPresence(LoginPages.java:27)
at pages.LoginPages.checkUserNameFieldPresence(LoginPages.java:27)
at pages.LoginPages.checkUserNameFieldPresence(LoginPages.java:27)
at pages.LoginPages.checkUserNameFieldPresence(LoginPages.java:27)
at pages.LoginPages.checkUserNameFieldPresence(LoginPages.java:27)
at pages.LoginPages.checkUserNameFieldPresence(LoginPages.java:27)
at pages.LoginPages.checkUserNameFieldPresence(LoginPages.java:27)
at pages.LoginPages.checkUserNameFieldPresence(LoginPages.java:27)
at pages.LoginPages.checkUserNameFieldPresence(LoginPages.java:27)
at pages.LoginPages.checkUserNameFieldPresence(LoginPages.java:27)
at pages.LoginPages.checkUserNameFieldPresence(LoginPages.java:27)
at pages.LoginPages.checkUserNameFieldPresence(LoginPages.java:27)
at pages.LoginPages.checkUserNameFieldPresence(LoginPages.java:27)
at pages.LoginPages.checkUserNameFieldPresence(LoginPages.java:27)
at pages.LoginPages.checkUserNameFieldPresence(LoginPages.java:27)
at pages.LoginPages.checkUserNameFieldPresence(LoginPages.java:27)
at pages.LoginPages.checkUserNameFieldPresence(LoginPages.java:27)
at pages.LoginPages.checkUserNameFieldPresence(LoginPages.java:27)
at pages.LoginPages.checkUserNameFieldPresence(LoginPages.java:27)
at pages.LoginPages.checkUserNameFieldPresence(LoginPages.java:27)
at pages.LoginPages.checkUserNameFieldPresence(LoginPages.java:27)
at pages.LoginPages.checkUserNameFieldPresence(LoginPages.java:27)
at pages.LoginPages.checkUserNameFieldPresence(LoginPages.java:27)
at pages.LoginPages.checkUserNameFieldPresence(LoginPages.java:27)
at pages.LoginPages.checkUserNameFieldPresence(LoginPages.java:27)
at pages.LoginPages.checkUserNameFieldPresence(LoginPages.java:27)
at pages.LoginPages.checkUserNameFieldPresence(LoginPages.java:27)
at pages.LoginPages.checkUserNameFieldPresence(LoginPages.java:27)
at pages.LoginPages.checkUserNameFieldPresence(LoginPages.java:27)
at pages.LoginPages.checkUserNameFieldPresence(LoginPages.java:27)
at pages.LoginPages.checkUserNameFieldPresence(LoginPages.java:27)
at pages.LoginPages.checkUserNameFieldPresence(LoginPages.java:27)
at pages.LoginPages.checkUserNameFieldPresence(LoginPages.java:27)
at pages.LoginPages.checkUserNameFieldPresence(LoginPages.java:27)
at pages.LoginPages.checkUserNameFieldPresence(LoginPages.java:27)
at pages.LoginPages.checkUserNameFieldPresence(LoginPages.java:27)
at pages.LoginPages.checkUserNameFieldPresence(LoginPages.java:27)
at pages.LoginPages.checkUserNameFieldPresence(LoginPages.java:27)
at pages.LoginPages.checkUserNameFieldPresence(LoginPages.java:27)
at pages.LoginPages.checkUserNameFieldPresence(LoginPages.java:27)
at pages.LoginPages.checkUserNameFieldPresence(LoginPages.java:27)
at pages.LoginPages.checkUserNameFieldPresence(LoginPages.java:27)
at pages.LoginPages.checkUserNameFieldPresence(LoginPages.java:27)
at pages.LoginPages.checkUserNameFieldPresence(LoginPages.java:27)
at pages.LoginPages.checkUserNameFieldPresence(LoginPages.java:27)
at pages.LoginPages.checkUserNameFieldPresence(LoginPages.java:27)
at pages.LoginPages.checkUserNameFieldPresence(LoginPages.java:27)
at pages.LoginPages.checkUserNameFieldPresence(LoginPages.java:27)
at pages.LoginPages.checkUserNameFieldPresence(LoginPages.java:27)
at pages.LoginPages.checkUserNameFieldPresence(LoginPages.java:27)
at pages.LoginPages.checkUserNameFieldPresence(LoginPages.java:27)
at pages.LoginPages.checkUserNameFieldPresence(LoginPages.java:27)
at pages.LoginPages.checkUserNameFieldPresence(LoginPages.java:27)
at pages.LoginPages.checkUserNameFieldPresence(LoginPages.java:27)
at pages.LoginPages.checkUserNameFieldPresence(LoginPages.java:27)
at pages.LoginPages.checkUserNameFieldPresence(LoginPages.java:27)
at pages.LoginPages.checkUserNameFieldPresence(LoginPages.java:27)
at pages.LoginPages.checkUserNameFieldPresence(LoginPages.java:27)
at pages.LoginPages.checkUserNameFieldPresence(LoginPages.java:27)
at pages.LoginPages.checkUserNameFieldPresence(LoginPages.java:27)
at pages.LoginPages.checkUserNameFieldPresence(LoginPages.java:27)
at pages.LoginPages.checkUserNameFieldPresence(LoginPages.java:27)
at pages.LoginPages.checkUserNameFieldPresence(LoginPages.java:27)
at pages.LoginPages.checkUserNameFieldPresence(LoginPages.java:27)
at pages.LoginPages.checkUserNameFieldPresence(LoginPages.java:27)
at pages.LoginPages.checkUserNameFieldPresence(LoginPages.java:27)
at pages.LoginPages.checkUserNameFieldPresence(LoginPages.java:27)
at pages.LoginPages.checkUserNameFieldPresence(LoginPages.java:27)
at pages.LoginPages.checkUserNameFieldPresence(LoginPages.java:27)
at pages.LoginPages.checkUserNameFieldPresence(LoginPages.java:27)
at pages.LoginPages.checkUserNameFieldPresence(LoginPages.java:27)
at pages.LoginPages.checkUserNameFieldPresence(LoginPages.java:27)
at pages.LoginPages.checkUserNameFieldPresence(LoginPages.java:27)
at pages.LoginPages.checkUserNameFieldPresence(LoginPages.java:27)
at pages.LoginPages.checkUserNameFieldPresence(LoginPages.java:27)
at pages.LoginPages.checkUserNameFieldPresence(LoginPages.java:27)
at pages.LoginPages.checkUserNameFieldPresence(LoginPages.java:27)
at pages.LoginPages.checkUserNameFieldPresence(LoginPages.java:27)
at pages.LoginPages.checkUserNameFieldPresence(LoginPages.java:27)
at pages.LoginPages.checkUserNameFieldPresence(LoginPages.java:27)
at pages.LoginPages.checkUserNameFieldPresence(LoginPages.java:27)
at pages.LoginPages.checkUserNameFieldPresence(LoginPages.java:27)
at pages.LoginPages.checkUserNameFieldPresence(LoginPages.java:27)
at pages.LoginPages.checkUserNameFieldPresence(LoginPages.java:27)
at pages.LoginPages.checkUserNameFieldPresence(LoginPages.java:27)
at pages.LoginPages.checkUserNameFieldPresence(LoginPages.java:27)
at pages.LoginPages.checkUserNameFieldPresence(LoginPages.java:27)
at pages.LoginPages.checkUserNameFieldPresence(LoginPages.java:27)
at pages.LoginPages.checkUserNameFieldPresence(LoginPages.java:27)
at pages.LoginPages.checkUserNameFieldPresence(LoginPages.java:27)
at pages.LoginPages.checkUserNameFieldPresence(LoginPages.java:27)
at pages.LoginPages.checkUserNameFieldPresence(LoginPages.java:27)
at pages.LoginPages.checkUserNameFieldPresence(LoginPages.java:27)
at pages.LoginPages.checkUserNameFieldPresence(LoginPages.java:27)
at pages.LoginPages.checkUserNameFieldPresence(LoginPages.java:27)
at pages.LoginPages.checkUserNameFieldPresence(LoginPages.java:27)
at pages.LoginPages.checkUserNameFieldPresence(LoginPages.java:27)
at pages.LoginPages.checkUserNameFieldPresence(LoginPages.java:27)
at pages.LoginPages.checkUserNameFieldPresence(LoginPages.java:27)
at pages.LoginPages.checkUserNameFieldPresence(LoginPages.java:27)
at pages.LoginPages.checkUserNameFieldPresence(LoginPages.java:27)
at pages.LoginPages.checkUserNameFieldPresence(LoginPages.java:27)
at pages.LoginPages.checkUserNameFieldPresence(LoginPages.java:27)
at pages.LoginPages.checkUserNameFieldPresence(LoginPages.java:27)
at pages.LoginPages.checkUserNameFieldPresence(LoginPages.java:27)
at pages.LoginPages.checkUserNameFieldPresence(LoginPages.java:27)
at pages.LoginPages.checkUserNameFieldPresence(LoginPages.java:27)
at pages.LoginPages.checkUserNameFieldPresence(LoginPages.java:27)
at pages.LoginPages.checkUserNameFieldPresence(LoginPages.java:27)
at pages.LoginPages.checkUserNameFieldPresence(LoginPages.java:27)
at pages.LoginPages.checkUserNameFieldPresence(LoginPages.java:27)
at pages.LoginPages.checkUserNameFieldPresence(LoginPages.java:27)
at pages.LoginPages.checkUserNameFieldPresence(LoginPages.java:27)
at pages.LoginPages.checkUserNameFieldPresence(LoginPages.java:27)
at pages.LoginPages.checkUserNameFieldPresence(LoginPages.java:27)
at pages.LoginPages.checkUserNameFieldPresence(LoginPages.java:27)
at pages.LoginPages.checkUserNameFieldPresence(LoginPages.java:27)
at pages.LoginPages.checkUserNameFieldPresence(LoginPages.java:27)
at pages.LoginPages.checkUserNameFieldPresence(LoginPages.java:27)
at pages.LoginPages.checkUserNameFieldPresence(LoginPages.java:27)
at pages.LoginPages.checkUserNameFieldPresence(LoginPages.java:27)
at pages.LoginPages.checkUserNameFieldPresence(LoginPages.java:27)
at pages.LoginPages.checkUserNameFieldPresence(LoginPages.java:27)
at pages.LoginPages.checkUserNameFieldPresence(LoginPages.java:27)
at pages.LoginPages.checkUserNameFieldPresence(LoginPages.java:27)
at pages.LoginPages.checkUserNameFieldPresence(LoginPages.java:27)
at pages.LoginPages.checkUserNameFieldPresence(LoginPages.java:27)
at pages.LoginPages.checkUserNameFieldPresence(LoginPages.java:27)
at pages.LoginPages.checkUserNameFieldPresence(LoginPages.java:27)
at pages.LoginPages.checkUserNameFieldPresence(LoginPages.java:27)
at pages.LoginPages.checkUserNameFieldPresence(LoginPages.java:27)
at pages.LoginPages.checkUserNameFieldPresence(LoginPages.java:27)
at pages.LoginPages.checkUserNameFieldPresence(LoginPages.java:27)
at pages.LoginPages.checkUserNameFieldPresence(LoginPages.java:27)
at pages.LoginPages.checkUserNameFieldPresence(LoginPages.java:27)
at pages.LoginPages.checkUserNameFieldPresence(LoginPages.java:27)
at pages.LoginPages.checkUserNameFieldPresence(LoginPages.java:27)
at pages.LoginPages.checkUserNameFieldPresence(LoginPages.java:27)
at pages.LoginPages.checkUserNameFieldPresence(LoginPages.java:27)
at pages.LoginPages.checkUserNameFieldPresence(LoginPages.java:27)
at pages.LoginPages.checkUserNameFieldPresence(LoginPages.java:27)
at pages.LoginPages.checkUserNameFieldPresence(LoginPages.java:27)
at pages.LoginPages.checkUserNameFieldPresence(LoginPages.java:27)
at pages.LoginPages.checkUserNameFieldPresence(LoginPages.java:27)
at pages.LoginPages.checkUserNameFieldPresence(LoginPages.java:27)
at pages.LoginPages.checkUserNameFieldPresence(LoginPages.java:27)
at pages.LoginPages.checkUserNameFieldPresence(LoginPages.java:27)
at pages.LoginPages.checkUserNameFieldPresence(LoginPages.java:27)
at pages.LoginPages.checkUserNameFieldPresence(LoginPages.java:27)
at pages.LoginPages.checkUserNameFieldPresence(LoginPages.java:27)
at pages.LoginPages.checkUserNameFieldPresence(LoginPages.java:27)
at pages.LoginPages.checkUserNameFieldPresence(LoginPages.java:27)
at pages.LoginPages.checkUserNameFieldPresence(LoginPages.java:27)
at pages.LoginPages.checkUserNameFieldPresence(LoginPages.java:27)
at pages.LoginPages.checkUserNameFieldPresence(LoginPages.java:27)
at pages.LoginPages.checkUserNameFieldPresence(LoginPages.java:27)
at pages.LoginPages.checkUserNameFieldPresence(LoginPages.java:27)
at pages.LoginPages.checkUserNameFieldPresence(LoginPages.java:27)
at pages.LoginPages.checkUserNameFieldPresence(LoginPages.java:27)
at pages.LoginPages.checkUserNameFieldPresence(LoginPages.java:27)
at pages.LoginPages.checkUserNameFieldPresence(LoginPages.java:27)
at pages.LoginPages.checkUserNameFieldPresence(LoginPages.java:27)
at pages.LoginPages.checkUserNameFieldPresence(LoginPages.java:27)
at pages.LoginPages.checkUserNameFieldPresence(LoginPages.java:27)
at pages.LoginPages.checkUserNameFieldPresence(LoginPages.java:27)
at pages.LoginPages.checkUserNameFieldPresence(LoginPages.java:27)
at pages.LoginPages.checkUserNameFieldPresence(LoginPages.java:27)
at pages.LoginPages.checkUserNameFieldPresence(LoginPages.java:27)
at pages.LoginPages.checkUserNameFieldPresence(LoginPages.java:27)
at pages.LoginPages.checkUserNameFieldPresence(LoginPages.java:27)
at pages.LoginPages.checkUserNameFieldPresence(LoginPages.java:27)
at pages.LoginPages.checkUserNameFieldPresence(LoginPages.java:27)
at pages.LoginPages.checkUserNameFieldPresence(LoginPages.java:27)
at pages.LoginPages.checkUserNameFieldPresence(LoginPages.java:27)
at pages.LoginPages.checkUserNameFieldPresence(LoginPages.java:27)
at pages.LoginPages.checkUserNameFieldPresence(LoginPages.java:27)
at pages.LoginPages.checkUserNameFieldPresence(LoginPages.java:27)
at pages.LoginPages.checkUserNameFieldPresence(LoginPages.java:27)
at pages.LoginPages.checkUserNameFieldPresence(LoginPages.java:27)
at pages.LoginPages.checkUserNameFieldPresence(LoginPages.java:27)
at pages.LoginPages.checkUserNameFieldPresence(LoginPages.java:27)
at pages.LoginPages.checkUserNameFieldPresence(LoginPages.java:27)
at pages.LoginPages.checkUserNameFieldPresence(LoginPages.java:27)
at pages.LoginPages.checkUserNameFieldPresence(LoginPages.java:27)
at pages.LoginPages.checkUserNameFieldPresence(LoginPages.java:27)
at pages.LoginPages.checkUserNameFieldPresence(LoginPages.java:27)
at pages.LoginPages.checkUserNameFieldPresence(LoginPages.java:27)
at pages.LoginPages.checkUserNameFieldPresence(LoginPages.java:27)
at pages.LoginPages.checkUserNameFieldPresence(LoginPages.java:27)
at pages.LoginPages.checkUserNameFieldPresence(LoginPages.java:27)
at pages.LoginPages.checkUserNameFieldPresence(LoginPages.java:27)
at pages.LoginPages.checkUserNameFieldPresence(LoginPages.java:27)
at pages.LoginPages.checkUserNameFieldPresence(LoginPages.java:27)
at pages.LoginPages.checkUserNameFieldPresence(LoginPages.java:27)
at pages.LoginPages.checkUserNameFieldPresence(LoginPages.java:27)
at com.saucedemo.HomePageTest.checkPresenceOfLoginPageComponents(BasicComponentTest.java:23)
at java.base/jdk.internal.reflect.DirectMethodHandleAccessor.invoke(DirectMethodHandleAccessor.java:104)
at java.base/java.lang.reflect.Method.invoke(Method.java:577)
at org.testng.internal.invokers.MethodInvocationHelper.invokeMethod(MethodInvocationHelper.java:139)
at org.testng.internal.invokers.TestInvoker.invokeMethod(TestInvoker.java:677)
at org.testng.internal.invokers.TestInvoker.invokeTestMethod(TestInvoker.java:221)
at org.testng.internal.invokers.MethodRunner.runInSequence(MethodRunner.java:50)
at org.testng.internal.invokers.TestInvoker$MethodInvocationAgent.invoke(TestInvoker.java:962)
at org.testng.internal.invokers.TestInvoker.invokeTestMethods(TestInvoker.java:194)
at org.testng.internal.invokers.TestMethodWorker.invokeTestMethods(TestMethodWorker.java:148)
at org.testng.internal.invokers.TestMethodWorker.run(TestMethodWorker.java:128)
at java.base/java.util.ArrayList.forEach(ArrayList.java:1511)
at org.testng.TestRunner.privateRun(TestRunner.java:806)
at org.testng.TestRunner.run(TestRunner.java:601)
at org.testng.SuiteRunner.runTest(SuiteRunner.java:433)
at org.testng.SuiteRunner.runSequentially(SuiteRunner.java:427)
at org.testng.SuiteRunner.privateRun(SuiteRunner.java:387)
at org.testng.SuiteRunner.run(SuiteRunner.java:330)
at org.testng.SuiteRunnerWorker.runSuite(SuiteRunnerWorker.java:52)
at org.testng.SuiteRunnerWorker.run(SuiteRunnerWorker.java:95)
at org.testng.TestNG.runSuitesSequentially(TestNG.java:1256)
at org.testng.TestNG.runSuitesLocally(TestNG.java:1176)
at org.testng.TestNG.runSuites(TestNG.java:1099)
at org.testng.TestNG.run(TestNG.java:1067)
at com.intellij.rt.testng.IDEARemoteTestNG.run(IDEARemoteTestNG.java:66)
at com.intellij.rt.testng.RemoteTestNGStarter.main(RemoteTestNGStarter.java:109)
]]>
    </error>
  </testcase> <!-- checkPresenceOfLoginPageComponents -->
  <system-out/>
  <testcase classname="com.saucedemo.HomePageTest" name="checkUserLandOnTheRightWebsite" time="3.635"/>
  <system-out/>
</testsuite> <!-- com.saucedemo.HomePageTest -->
