<?xml version="1.0" encoding="UTF-8"?>
<!-- Generated by org.testng.reporters.JUnitReportReporter -->
<testsuite hostname="Sanjays-MacBook-Pro.local" failures="0" tests="6" name="com.saucedemo.LoginTest" time="15.464" errors="0" timestamp="2022-07-21T22:57:29 EDT" skipped="0">
  <testcase classname="com.saucedemo.LoginTest" name="LoginWithLockedOutUser" time="3.129"/>
  <system-out/>
  <testcase classname="com.saucedemo.LoginTest" name="checkUserLandsOnTheRightWebsite" time="1.961"/>
  <system-out/>
  <testcase classname="com.saucedemo.LoginTest" name="LoginWithValidCredentials" time="2.096"/>
  <system-out/>
  <testcase classname="com.saucedemo.LoginTest" name="LoginWithInvalidPassword" time="2.330"/>
  <system-out/>
  <testcase classname="com.saucedemo.LoginTest" name="LoginWithInvalidUsername" time="2.297"/>
  <system-out/>
  <testcase classname="com.saucedemo.LoginTest" name="checkPresenceOfLoginPageComponents" time="3.651"/>
  <system-out/>
</testsuite> <!-- com.saucedemo.LoginTest -->
