<?xml version="1.0" encoding="UTF-8"?>
<!-- Generated by org.testng.reporters.JUnitReportReporter -->
<testsuite hostname="Sanjays-MacBook-Pro.local" failures="0" tests="5" name="com.saucedemo.LoginTest" time="17.502" errors="0" timestamp="2022-07-08T18:24:40 EDT" skipped="0">
  <testcase classname="com.saucedemo.LoginTest" name="LoginWithInvalidUsername" time="2.768"/>
  <system-out/>
  <testcase classname="com.saucedemo.LoginTest" name="LoginWithValidCredentials" time="2.634"/>
  <system-out/>
  <testcase classname="com.saucedemo.LoginTest" name="LoginWithInvalidPassword" time="5.469"/>
  <system-out/>
  <testcase classname="com.saucedemo.LoginTest" name="checkPresenceOfLoginPageComponents" time="3.391"/>
  <system-out/>
  <testcase classname="com.saucedemo.LoginTest" name="checkUserLandsOnTheRightWebsite" time="3.240"/>
  <system-out/>
</testsuite> <!-- com.saucedemo.LoginTest -->
