<?xml version="1.0" encoding="UTF-8"?>
<!-- Generated by org.testng.reporters.JUnitReportReporter -->
<testsuite hostname="Sanjays-MacBook-Pro.local" failures="0" tests="5" name="com.saucedemo.HomePageTest" time="27.049" errors="0" timestamp="2022-07-08T18:24:40 EDT" skipped="0">
  <testcase classname="com.saucedemo.HomePageTest" name="CheckFooterCopyScriptAndPresence" time="6.266"/>
  <system-out/>
  <testcase classname="com.saucedemo.HomePageTest" name="clickOnTheMenuBtn" time="4.201"/>
  <system-out/>
  <testcase classname="com.saucedemo.HomePageTest" name="CheckMenuBtnSideBar" time="5.668"/>
  <system-out/>
  <testcase classname="com.saucedemo.HomePageTest" name="CheckHomePageComponentPresence" time="7.505"/>
  <system-out/>
  <testcase classname="com.saucedemo.HomePageTest" name="PresenceOfHomePageComponents" time="3.409"/>
  <system-out/>
</testsuite> <!-- com.saucedemo.HomePageTest -->
